<?xml version="1.0" encoding="UTF-8"?>
<!-- Generated by org.testng.reporters.JUnitXMLReporter -->
<testsuite ignored="3" hostname="NUMBER-1" failures="0" tests="1" name="Default test" time="8.478" errors="0" timestamp="03 Jul 2025 05:20:13 GMT">
  <testcase classname="swaglab_test.LoginTest" name="LoginFailureTestFromExcel" time="0.747"/>
  <testcase classname="swaglab_test.LoginTest" name="LockedUserLoginFailureTest" time="0.0">
    <ignored/>
  </testcase> <!-- LockedUserLoginFailureTest -->
  <testcase classname="swaglab_test.LoginTest" name="LoginSuccessTest" time="0.0">
    <ignored/>
  </testcase> <!-- LoginSuccessTest -->
  <testcase classname="swaglab_test.LoginTest" name="LoginFailureTest" time="0.0">
    <ignored/>
  </testcase> <!-- LoginFailureTest -->
</testsuite> <!-- Default test -->
