<?xml version="1.0" encoding="UTF-8"?>
<!-- Generated by org.testng.reporters.JUnitXMLReporter -->
<testsuite ignored="0" hostname="NUMBER-1" failures="0" tests="5" name="Default test" time="40.612" errors="0" timestamp="03 Jul 2025 05:55:11 GMT">
  <testcase classname="swaglab_test.LoginTest" name="LockedUserLoginFailureTest" time="1.006"/>
  <testcase classname="swaglab_test.LoginTest" name="LoginFailureTestFromExcel" time="0.93"/>
  <testcase classname="swaglab_test.LoginTest" name="LoginFailureTestFromProperties" time="0.914"/>
  <testcase classname="swaglab_test.LoginTest" name="LoginSuccessTest" time="0.971"/>
  <testcase classname="swaglab_test.LoginTest" name="LoginFailureTest" time="1.269"/>
</testsuite> <!-- Default test -->
