-------------------------------------------------------------------------------
Test set: TestSuite
-------------------------------------------------------------------------------
Tests run: 4, Failures: 1, Errors: 0, Skipped: 0, Time elapsed: 35.266 s <<< FAILURE! - in TestSuite
swaglab_test.LoginTest.LoginFailureTestFromExcel  Time elapsed: 1.463 s  <<< FAILURE!
java.lang.NullPointerException: Cannot invoke "org.apache.poi.xssf.usermodel.XSSFRow.createCell(int)" because the return value of "org.apache.poi.xssf.usermodel.XSSFSheet.getRow(int)" is null
	at swaglab_test.LoginTest.LoginFailureTestFromExcel(LoginTest.java:67)

