<?xml version="1.0" encoding="UTF-8"?>
<testng-results ignored="0" total="4" passed="3" failed="1" skipped="0">
  <reporter-output>
  </reporter-output>
  <suite started-at="2025-07-02T09:45:55Z" name="Simplilearn" finished-at="2025-07-02T09:46:29Z" duration-ms="34209">
    <groups>
    </groups>
    <test started-at="2025-07-02T09:45:55Z" name="SmokeTest" finished-at="2025-07-02T09:46:29Z" duration-ms="34209">
      <class name="swaglab_test.LoginTest">
        <test-method is-config="true" signature="SetUpExcel()[pri:0, instance:swaglab_test.LoginTest@212bf671]" started-at="2025-07-02T09:45:55Z" name="SetUpExcel" finished-at="2025-07-02T09:45:57Z" duration-ms="1684" status="PASS">
          <reporter-output>
          </reporter-output>
        </test-method> <!-- SetUpExcel -->
        <test-method is-config="true" signature="SetUp()[pri:0, instance:swaglab_test.LoginTest@212bf671]" started-at="2025-07-02T09:45:57Z" name="SetUp" finished-at="2025-07-02T09:46:04Z" duration-ms="7582" status="PASS">
          <reporter-output>
          </reporter-output>
        </test-method> <!-- SetUp -->
        <test-method signature="LoginFailureTestFromExcel()[pri:0, instance:swaglab_test.LoginTest@212bf671]" started-at="2025-07-02T09:46:04Z" name="LoginFailureTestFromExcel" finished-at="2025-07-02T09:46:05Z" duration-ms="1014" status="FAIL">
          <exception class="java.lang.NullPointerException">
            <message>
              <![CDATA[Cannot invoke "org.apache.poi.xssf.usermodel.XSSFRow.createCell(int)" because the return value of "org.apache.poi.xssf.usermodel.XSSFSheet.getRow(int)" is null]]>
            </message>
            <full-stacktrace>
              <![CDATA[java.lang.NullPointerException: Cannot invoke "org.apache.poi.xssf.usermodel.XSSFRow.createCell(int)" because the return value of "org.apache.poi.xssf.usermodel.XSSFSheet.getRow(int)" is null
at swaglab_test.LoginTest.LoginFailureTestFromExcel(LoginTest.java:67)
at java.base/jdk.internal.reflect.NativeMethodAccessorImpl.invoke0(Native Method)
at java.base/jdk.internal.reflect.NativeMethodAccessorImpl.invoke(NativeMethodAccessorImpl.java:77)
at java.base/jdk.internal.reflect.DelegatingMethodAccessorImpl.invoke(DelegatingMethodAccessorImpl.java:43)
at java.base/java.lang.reflect.Method.invoke(Method.java:568)
at org.testng.internal.MethodInvocationHelper.invokeMethod(MethodInvocationHelper.java:124)
at org.testng.internal.Invoker.invokeMethod(Invoker.java:583)
at org.testng.internal.Invoker.invokeTestMethod(Invoker.java:719)
at org.testng.internal.Invoker.invokeTestMethods(Invoker.java:989)
at org.testng.internal.TestMethodWorker.invokeTestMethods(TestMethodWorker.java:125)
at org.testng.internal.TestMethodWorker.run(TestMethodWorker.java:109)
at org.testng.TestRunner.privateRun(TestRunner.java:648)
at org.testng.TestRunner.run(TestRunner.java:505)
at org.testng.SuiteRunner.runTest(SuiteRunner.java:455)
at org.testng.SuiteRunner.runSequentially(SuiteRunner.java:450)
at org.testng.SuiteRunner.privateRun(SuiteRunner.java:415)
at org.testng.SuiteRunner.run(SuiteRunner.java:364)
at org.testng.SuiteRunnerWorker.runSuite(SuiteRunnerWorker.java:52)
at org.testng.SuiteRunnerWorker.run(SuiteRunnerWorker.java:84)
at org.testng.TestNG.runSuitesSequentially(TestNG.java:1208)
at org.testng.TestNG.runSuitesLocally(TestNG.java:1137)
at org.testng.TestNG.runSuites(TestNG.java:1049)
at org.testng.TestNG.run(TestNG.java:1017)
at org.apache.maven.surefire.testng.TestNGExecutor.run(TestNGExecutor.java:284)
at org.apache.maven.surefire.testng.TestNGXmlTestSuite.execute(TestNGXmlTestSuite.java:75)
at org.apache.maven.surefire.testng.TestNGProvider.invoke(TestNGProvider.java:119)
at org.apache.maven.surefire.booter.ForkedBooter.runSuitesInProcess(ForkedBooter.java:428)
at org.apache.maven.surefire.booter.ForkedBooter.execute(ForkedBooter.java:162)
at org.apache.maven.surefire.booter.ForkedBooter.run(ForkedBooter.java:562)
at org.apache.maven.surefire.booter.ForkedBooter.main(ForkedBooter.java:548)
]]>
            </full-stacktrace>
          </exception> <!-- java.lang.NullPointerException -->
          <reporter-output>
          </reporter-output>
        </test-method> <!-- LoginFailureTestFromExcel -->
        <test-method is-config="true" signature="TearDown()[pri:0, instance:swaglab_test.LoginTest@212bf671]" started-at="2025-07-02T09:46:06Z" name="TearDown" finished-at="2025-07-02T09:46:06Z" duration-ms="442" status="PASS">
          <reporter-output>
          </reporter-output>
        </test-method> <!-- TearDown -->
        <test-method is-config="true" signature="SetUp()[pri:0, instance:swaglab_test.LoginTest@212bf671]" started-at="2025-07-02T09:46:06Z" name="SetUp" finished-at="2025-07-02T09:46:12Z" duration-ms="5944" status="PASS">
          <reporter-output>
          </reporter-output>
        </test-method> <!-- SetUp -->
        <test-method signature="LoginSuccessTest()[pri:0, instance:swaglab_test.LoginTest@212bf671]" started-at="2025-07-02T09:46:12Z" name="LoginSuccessTest" finished-at="2025-07-02T09:46:13Z" duration-ms="1279" status="PASS">
          <reporter-output>
          </reporter-output>
        </test-method> <!-- LoginSuccessTest -->
        <test-method is-config="true" signature="TearDown()[pri:0, instance:swaglab_test.LoginTest@212bf671]" started-at="2025-07-02T09:46:13Z" name="TearDown" finished-at="2025-07-02T09:46:14Z" duration-ms="447" status="PASS">
          <reporter-output>
          </reporter-output>
        </test-method> <!-- TearDown -->
        <test-method is-config="true" signature="SetUp()[pri:0, instance:swaglab_test.LoginTest@212bf671]" started-at="2025-07-02T09:46:14Z" name="SetUp" finished-at="2025-07-02T09:46:20Z" duration-ms="5923" status="PASS">
          <reporter-output>
          </reporter-output>
        </test-method> <!-- SetUp -->
        <test-method signature="LoginFailureTest()[pri:1, instance:swaglab_test.LoginTest@212bf671]" started-at="2025-07-02T09:46:20Z" name="LoginFailureTest" finished-at="2025-07-02T09:46:21Z" duration-ms="1661" status="PASS">
          <reporter-output>
          </reporter-output>
        </test-method> <!-- LoginFailureTest -->
        <test-method is-config="true" signature="TearDown()[pri:0, instance:swaglab_test.LoginTest@212bf671]" started-at="2025-07-02T09:46:21Z" name="TearDown" finished-at="2025-07-02T09:46:22Z" duration-ms="496" status="PASS">
          <reporter-output>
          </reporter-output>
        </test-method> <!-- TearDown -->
        <test-method is-config="true" signature="SetUp()[pri:0, instance:swaglab_test.LoginTest@212bf671]" started-at="2025-07-02T09:46:22Z" name="SetUp" finished-at="2025-07-02T09:46:27Z" duration-ms="5255" status="PASS">
          <reporter-output>
          </reporter-output>
        </test-method> <!-- SetUp -->
        <test-method signature="LockedUserLoginFailureTest()[pri:2, instance:swaglab_test.LoginTest@212bf671]" started-at="2025-07-02T09:46:27Z" name="LockedUserLoginFailureTest" finished-at="2025-07-02T09:46:28Z" duration-ms="1200" status="PASS">
          <reporter-output>
          </reporter-output>
        </test-method> <!-- LockedUserLoginFailureTest -->
        <test-method is-config="true" signature="TearDown()[pri:0, instance:swaglab_test.LoginTest@212bf671]" started-at="2025-07-02T09:46:28Z" name="TearDown" finished-at="2025-07-02T09:46:29Z" duration-ms="400" status="PASS">
          <reporter-output>
          </reporter-output>
        </test-method> <!-- TearDown -->
        <test-method is-config="true" signature="CloseExcel()[pri:0, instance:swaglab_test.LoginTest@212bf671]" started-at="2025-07-02T09:46:29Z" name="CloseExcel" finished-at="2025-07-02T09:46:29Z" duration-ms="395" status="PASS">
          <reporter-output>
          </reporter-output>
        </test-method> <!-- CloseExcel -->
      </class> <!-- swaglab_test.LoginTest -->
    </test> <!-- SmokeTest -->
  </suite> <!-- Simplilearn -->
</testng-results>
