<?xml version="1.0" encoding="UTF-8"?>
<testng-results ignored="3" total="4" passed="1" failed="0" skipped="0">
  <reporter-output>
  </reporter-output>
  <suite started-at="2025-07-03T05:20:04Z" name="Default suite" finished-at="2025-07-03T05:20:13Z" duration-ms="8478">
    <groups>
    </groups>
    <test started-at="2025-07-03T05:20:04Z" name="Default test" finished-at="2025-07-03T05:20:13Z" duration-ms="8478">
      <class name="swaglab_test.LoginTest">
        <test-method is-config="true" signature="SetUpExcel()[pri:0, instance:swaglab_test.LoginTest@2f67a4d3]" started-at="2025-07-03T05:20:04Z" name="SetUpExcel" finished-at="2025-07-03T05:20:06Z" duration-ms="1277" status="PASS">
          <reporter-output>
          </reporter-output>
        </test-method> <!-- SetUpExcel -->
        <test-method is-config="true" signature="SetUp()[pri:0, instance:swaglab_test.LoginTest@2f67a4d3]" started-at="2025-07-03T05:20:06Z" name="SetUp" finished-at="2025-07-03T05:20:11Z" duration-ms="5516" status="PASS">
          <reporter-output>
          </reporter-output>
        </test-method> <!-- SetUp -->
        <test-method signature="LoginFailureTestFromExcel()[pri:0, instance:swaglab_test.LoginTest@2f67a4d3]" started-at="2025-07-03T05:20:11Z" name="LoginFailureTestFromExcel" finished-at="2025-07-03T05:20:12Z" duration-ms="747" status="PASS">
          <reporter-output>
          </reporter-output>
        </test-method> <!-- LoginFailureTestFromExcel -->
        <test-method is-config="true" signature="TearDown()[pri:0, instance:swaglab_test.LoginTest@2f67a4d3]" started-at="2025-07-03T05:20:12Z" name="TearDown" finished-at="2025-07-03T05:20:12Z" duration-ms="443" status="PASS">
          <reporter-output>
          </reporter-output>
        </test-method> <!-- TearDown -->
        <test-method is-config="true" signature="CloseExcel()[pri:0, instance:swaglab_test.LoginTest@2f67a4d3]" started-at="2025-07-03T05:20:12Z" name="CloseExcel" finished-at="2025-07-03T05:20:13Z" duration-ms="471" status="PASS">
          <reporter-output>
          </reporter-output>
        </test-method> <!-- CloseExcel -->
      </class> <!-- swaglab_test.LoginTest -->
    </test> <!-- Default test -->
  </suite> <!-- Default suite -->
</testng-results>
