<?xml version="1.0" encoding="UTF-8"?>
<testng-results ignored="0" total="5" passed="5" failed="0" skipped="0">
  <reporter-output>
  </reporter-output>
  <suite started-at="2025-07-03T05:54:31Z" name="Default suite" finished-at="2025-07-03T05:55:11Z" duration-ms="40612">
    <groups>
    </groups>
    <test started-at="2025-07-03T05:54:31Z" name="Default test" finished-at="2025-07-03T05:55:11Z" duration-ms="40612">
      <class name="swaglab_test.LoginTest">
        <test-method is-config="true" signature="SetUpExcel()[pri:0, instance:swaglab_test.LoginTest@700fb871]" started-at="2025-07-03T05:54:31Z" name="SetUpExcel" finished-at="2025-07-03T05:54:32Z" duration-ms="1508" status="PASS">
          <reporter-output>
          </reporter-output>
        </test-method> <!-- SetUpExcel -->
        <test-method is-config="true" signature="SetUp()[pri:0, instance:swaglab_test.LoginTest@700fb871]" started-at="2025-07-03T05:54:32Z" name="SetUp" finished-at="2025-07-03T05:54:40Z" duration-ms="7926" status="PASS">
          <reporter-output>
          </reporter-output>
        </test-method> <!-- SetUp -->
        <test-method signature="LockedUserLoginFailureTest()[pri:0, instance:swaglab_test.LoginTest@700fb871]" started-at="2025-07-03T05:54:40Z" name="LockedUserLoginFailureTest" finished-at="2025-07-03T05:54:41Z" duration-ms="1006" status="PASS">
          <reporter-output>
          </reporter-output>
        </test-method> <!-- LockedUserLoginFailureTest -->
        <test-method is-config="true" signature="TearDown()[pri:0, instance:swaglab_test.LoginTest@700fb871]" started-at="2025-07-03T05:54:41Z" name="TearDown" finished-at="2025-07-03T05:54:42Z" duration-ms="417" status="PASS">
          <reporter-output>
          </reporter-output>
        </test-method> <!-- TearDown -->
        <test-method is-config="true" signature="SetUp()[pri:0, instance:swaglab_test.LoginTest@700fb871]" started-at="2025-07-03T05:54:42Z" name="SetUp" finished-at="2025-07-03T05:54:47Z" duration-ms="5653" status="PASS">
          <reporter-output>
          </reporter-output>
        </test-method> <!-- SetUp -->
        <test-method signature="LoginFailureTestFromExcel()[pri:0, instance:swaglab_test.LoginTest@700fb871]" started-at="2025-07-03T05:54:47Z" name="LoginFailureTestFromExcel" finished-at="2025-07-03T05:54:48Z" duration-ms="930" status="PASS">
          <reporter-output>
          </reporter-output>
        </test-method> <!-- LoginFailureTestFromExcel -->
        <test-method is-config="true" signature="TearDown()[pri:0, instance:swaglab_test.LoginTest@700fb871]" started-at="2025-07-03T05:54:48Z" name="TearDown" finished-at="2025-07-03T05:54:49Z" duration-ms="328" status="PASS">
          <reporter-output>
          </reporter-output>
        </test-method> <!-- TearDown -->
        <test-method is-config="true" signature="SetUp()[pri:0, instance:swaglab_test.LoginTest@700fb871]" started-at="2025-07-03T05:54:49Z" name="SetUp" finished-at="2025-07-03T05:54:55Z" duration-ms="6611" status="PASS">
          <reporter-output>
          </reporter-output>
        </test-method> <!-- SetUp -->
        <test-method signature="LoginFailureTestFromProperties()[pri:0, instance:swaglab_test.LoginTest@700fb871]" started-at="2025-07-03T05:54:55Z" name="LoginFailureTestFromProperties" finished-at="2025-07-03T05:54:56Z" duration-ms="914" status="PASS">
          <reporter-output>
          </reporter-output>
        </test-method> <!-- LoginFailureTestFromProperties -->
        <test-method is-config="true" signature="TearDown()[pri:0, instance:swaglab_test.LoginTest@700fb871]" started-at="2025-07-03T05:54:56Z" name="TearDown" finished-at="2025-07-03T05:54:57Z" duration-ms="546" status="PASS">
          <reporter-output>
          </reporter-output>
        </test-method> <!-- TearDown -->
        <test-method is-config="true" signature="SetUp()[pri:0, instance:swaglab_test.LoginTest@700fb871]" started-at="2025-07-03T05:54:57Z" name="SetUp" finished-at="2025-07-03T05:55:02Z" duration-ms="5471" status="PASS">
          <reporter-output>
          </reporter-output>
        </test-method> <!-- SetUp -->
        <test-method signature="LoginSuccessTest()[pri:0, instance:swaglab_test.LoginTest@700fb871]" started-at="2025-07-03T05:55:02Z" name="LoginSuccessTest" finished-at="2025-07-03T05:55:03Z" duration-ms="971" status="PASS">
          <reporter-output>
          </reporter-output>
        </test-method> <!-- LoginSuccessTest -->
        <test-method is-config="true" signature="TearDown()[pri:0, instance:swaglab_test.LoginTest@700fb871]" started-at="2025-07-03T05:55:03Z" name="TearDown" finished-at="2025-07-03T05:55:04Z" duration-ms="448" status="PASS">
          <reporter-output>
          </reporter-output>
        </test-method> <!-- TearDown -->
        <test-method is-config="true" signature="SetUp()[pri:0, instance:swaglab_test.LoginTest@700fb871]" started-at="2025-07-03T05:55:04Z" name="SetUp" finished-at="2025-07-03T05:55:09Z" duration-ms="5808" status="PASS">
          <reporter-output>
          </reporter-output>
        </test-method> <!-- SetUp -->
        <test-method signature="LoginFailureTest()[pri:1, instance:swaglab_test.LoginTest@700fb871]" started-at="2025-07-03T05:55:09Z" name="LoginFailureTest" finished-at="2025-07-03T05:55:11Z" duration-ms="1269" status="PASS">
          <reporter-output>
          </reporter-output>
        </test-method> <!-- LoginFailureTest -->
        <test-method is-config="true" signature="TearDown()[pri:0, instance:swaglab_test.LoginTest@700fb871]" started-at="2025-07-03T05:55:11Z" name="TearDown" finished-at="2025-07-03T05:55:11Z" duration-ms="398" status="PASS">
          <reporter-output>
          </reporter-output>
        </test-method> <!-- TearDown -->
        <test-method is-config="true" signature="CloseExcel()[pri:0, instance:swaglab_test.LoginTest@700fb871]" started-at="2025-07-03T05:55:11Z" name="CloseExcel" finished-at="2025-07-03T05:55:11Z" duration-ms="351" status="PASS">
          <reporter-output>
          </reporter-output>
        </test-method> <!-- CloseExcel -->
      </class> <!-- swaglab_test.LoginTest -->
    </test> <!-- Default test -->
  </suite> <!-- Default suite -->
</testng-results>
