<?xml version="1.0" encoding="UTF-8"?>
<!-- Generated by org.testng.reporters.JUnitXMLReporter -->
<testsuite ignored="0" hostname="NUMBER-1" failures="0" tests="4" name="SmokeTest" time="2.174" errors="0" timestamp="03 Jul 2025 05:08:22 GMT">
  <testcase classname="swaglab_test.BaseClass" name="@BeforeMethod SetUp" time="0.001">
    <failure type="java.lang.NullPointerException" message="Cannot invoke &amp;quot;String.equalsIgnoreCase(String)&amp;quot; because &amp;quot;BrowserName&amp;quot; is null">
      <![CDATA[java.lang.NullPointerException: Cannot invoke "String.equalsIgnoreCase(String)" because "BrowserName" is null
at swaglab_test.BaseClass.SetUp(BaseClass.java:30)
... Removed 26 stack frames]]>
    </failure>
  </testcase> <!-- @BeforeMethod SetUp -->
  <testcase classname="swaglab_test.BaseClass" name="@AfterMethod TearDown" time="0.0">
    <skipped/>
  </testcase> <!-- @AfterMethod TearDown -->
  <testcase classname="swaglab_test.BaseClass" name="@BeforeMethod SetUp" time="0.0">
    <skipped/>
  </testcase> <!-- @BeforeMethod SetUp -->
  <testcase classname="swaglab_test.BaseClass" name="@AfterMethod TearDown" time="0.0">
    <skipped/>
  </testcase> <!-- @AfterMethod TearDown -->
  <testcase classname="swaglab_test.BaseClass" name="@BeforeMethod SetUp" time="0.0">
    <skipped/>
  </testcase> <!-- @BeforeMethod SetUp -->
  <testcase classname="swaglab_test.BaseClass" name="@AfterMethod TearDown" time="0.0">
    <skipped/>
  </testcase> <!-- @AfterMethod TearDown -->
  <testcase classname="swaglab_test.BaseClass" name="@BeforeMethod SetUp" time="0.0">
    <skipped/>
  </testcase> <!-- @BeforeMethod SetUp -->
  <testcase classname="swaglab_test.BaseClass" name="@AfterMethod TearDown" time="0.0">
    <skipped/>
  </testcase> <!-- @AfterMethod TearDown -->
  <testcase classname="swaglab_test.LoginTest" name="LoginFailureTestFromExcel" time="0.0">
    <skipped/>
  </testcase> <!-- LoginFailureTestFromExcel -->
  <testcase classname="swaglab_test.LoginTest" name="LoginSuccessTest" time="0.0">
    <skipped/>
  </testcase> <!-- LoginSuccessTest -->
  <testcase classname="swaglab_test.LoginTest" name="LoginFailureTest" time="0.0">
    <skipped/>
  </testcase> <!-- LoginFailureTest -->
  <testcase classname="swaglab_test.LoginTest" name="LockedUserLoginFailureTest" time="0.0">
    <skipped/>
  </testcase> <!-- LockedUserLoginFailureTest -->
</testsuite> <!-- SmokeTest -->
