<?xml version="1.0" encoding="UTF-8"?>
<!-- Generated by org.testng.reporters.JUnitXMLReporter -->
<testsuite ignored="0" hostname="NUMBER-1" failures="1" tests="4" name="SmokeTest" time="36.188" errors="0" timestamp="02 Jul 2025 09:30:40 GMT">
  <testcase classname="swaglab_test.LoginTest" name="LoginFailureTestFromExcel" time="0.887">
    <failure type="java.lang.NullPointerException" message="Cannot invoke &amp;quot;org.apache.poi.xssf.usermodel.XSSFRow.createCell(int)&amp;quot; because the return value of &amp;quot;org.apache.poi.xssf.usermodel.XSSFSheet.getRow(int)&amp;quot; is null">
      <![CDATA[java.lang.NullPointerException: Cannot invoke "org.apache.poi.xssf.usermodel.XSSFRow.createCell(int)" because the return value of "org.apache.poi.xssf.usermodel.XSSFSheet.getRow(int)" is null
at swaglab_test.LoginTest.LoginFailureTestFromExcel(LoginTest.java:67)
... Removed 23 stack frames]]>
    </failure>
  </testcase> <!-- LoginFailureTestFromExcel -->
  <testcase classname="swaglab_test.LoginTest" name="LoginSuccessTest" time="1.074"/>
  <testcase classname="swaglab_test.LoginTest" name="LoginFailureTest" time="3.617"/>
  <testcase classname="swaglab_test.LoginTest" name="LockedUserLoginFailureTest" time="3.195"/>
</testsuite> <!-- SmokeTest -->
