<?xml version="1.0" encoding="UTF-8"?>
<!-- Generated by org.testng.reporters.JUnitXMLReporter -->
<testsuite ignored="0" hostname="NUMBER-1" failures="0" tests="5" name="SmokeTest" time="56.943" errors="0" timestamp="06 Jul 2025 05:09:19 GMT">
  <testcase classname="swaglab_test.LoginTest" name="LockedUserLoginFailureTest" time="1.892"/>
  <testcase classname="swaglab_test.LoginTest" name="LoginFailureTestFromExcel" time="0.609"/>
  <testcase classname="swaglab_test.LoginTest" name="LoginFailureTestFromProperties" time="0.752"/>
  <testcase classname="swaglab_test.LoginTest" name="LoginSuccessTest" time="0.83"/>
  <testcase classname="swaglab_test.LoginTest" name="LoginFailureTest" time="1.109"/>
</testsuite> <!-- SmokeTest -->
